0 verbose cli C:\Program Files\nodejs\node.exe C:\Program Files\nodejs\node_modules\npm\bin\npm-cli.js
1 info using npm@10.9.2
2 info using node@v22.15.1
3 silly config load:file:C:\Program Files\nodejs\node_modules\npm\npmrc
4 silly config load:file:C:\project\Peak Boxing Club(project-5)\frontend\peak_box_club\.npmrc
5 silly config load:file:C:\Users\rakib\.npmrc
6 silly config load:file:C:\Users\rakib\npm-global\etc\npmrc
7 verbose title npm i react-icons
8 verbose argv "i" "react-icons"
9 verbose logfile logs-max:10 dir:C:\project\Peak Boxing Club(project-5)\frontend\peak_box_club\UsersmynameAppDataRoamingnpm-cache\_logs\2025-09-01T10_15_31_449Z-
10 verbose logfile C:\project\Peak Boxing Club(project-5)\frontend\peak_box_club\UsersmynameAppDataRoamingnpm-cache\_logs\2025-09-01T10_15_31_449Z-debug-0.log
11 silly logfile done cleaning log files
12 silly packumentCache heap:4345298944 maxSize:1086324736 maxEntrySize:543162368
13 silly idealTree buildDeps
14 silly fetch manifest react-icons@*
15 silly packumentCache full:https://registry.npmjs.org/react-icons cache-miss
16 verbose shrinkwrap failed to load node_modules/.package-lock.json out of date, updated: node_modules
17 http fetch GET 200 https://registry.npmjs.org/react-icons 408ms (cache miss)
18 silly packumentCache full:https://registry.npmjs.org/react-icons set size:undefined disposed:false
19 silly fetch manifest react@^19.0.0
20 silly packumentCache full:https://registry.npmjs.org/react cache-miss
21 http fetch GET 200 https://registry.npmjs.org/react 394ms (cache miss)
22 silly packumentCache full:https://registry.npmjs.org/react set size:undefined disposed:false
23 silly placeDep ROOT react-icons@5.5.0 OK for: agenko@0.0.0 want: *
24 silly reify moves {}
25 silly audit bulk request {
25 silly audit   '@ampproject/remapping': [ '2.3.0' ],
25 silly audit   '@babel/code-frame': [ '7.26.2' ],
25 silly audit   '@babel/compat-data': [ '7.26.8' ],
25 silly audit   '@babel/core': [ '7.26.10' ],
25 silly audit   '@babel/generator': [ '7.26.10' ],
25 silly audit   '@babel/helper-compilation-targets': [ '7.26.5' ],
25 silly audit   '@babel/helper-module-imports': [ '7.25.9' ],
25 silly audit   '@babel/helper-module-transforms': [ '7.26.0' ],
25 silly audit   '@babel/helper-plugin-utils': [ '7.26.5' ],
25 silly audit   '@babel/helper-string-parser': [ '7.25.9' ],
25 silly audit   '@babel/helper-validator-identifier': [ '7.25.9' ],
25 silly audit   '@babel/helper-validator-option': [ '7.25.9' ],
25 silly audit   '@babel/helpers': [ '7.26.10' ],
25 silly audit   '@babel/parser': [ '7.26.10' ],
25 silly audit   '@babel/plugin-transform-react-jsx-self': [ '7.25.9' ],
25 silly audit   '@babel/plugin-transform-react-jsx-source': [ '7.25.9' ],
25 silly audit   '@babel/runtime': [ '7.26.10' ],
25 silly audit   '@babel/template': [ '7.26.9' ],
25 silly audit   '@babel/traverse': [ '7.26.10' ],
25 silly audit   globals: [ '11.12.0', '14.0.0', '15.15.0' ],
25 silly audit   '@babel/types': [ '7.26.10' ],
25 silly audit   '@esbuild/aix-ppc64': [ '0.25.1' ],
25 silly audit   '@esbuild/android-arm': [ '0.25.1' ],
25 silly audit   '@esbuild/android-arm64': [ '0.25.1' ],
25 silly audit   '@esbuild/android-x64': [ '0.25.1' ],
25 silly audit   '@esbuild/darwin-arm64': [ '0.25.1' ],
25 silly audit   '@esbuild/darwin-x64': [ '0.25.1' ],
25 silly audit   '@esbuild/freebsd-arm64': [ '0.25.1' ],
25 silly audit   '@esbuild/freebsd-x64': [ '0.25.1' ],
25 silly audit   '@esbuild/linux-arm': [ '0.25.1' ],
25 silly audit   '@esbuild/linux-arm64': [ '0.25.1' ],
25 silly audit   '@esbuild/linux-ia32': [ '0.25.1' ],
25 silly audit   '@esbuild/linux-loong64': [ '0.25.1' ],
25 silly audit   '@esbuild/linux-mips64el': [ '0.25.1' ],
25 silly audit   '@esbuild/linux-ppc64': [ '0.25.1' ],
25 silly audit   '@esbuild/linux-riscv64': [ '0.25.1' ],
25 silly audit   '@esbuild/linux-s390x': [ '0.25.1' ],
25 silly audit   '@esbuild/linux-x64': [ '0.25.1' ],
25 silly audit   '@esbuild/netbsd-arm64': [ '0.25.1' ],
25 silly audit   '@esbuild/netbsd-x64': [ '0.25.1' ],
25 silly audit   '@esbuild/openbsd-arm64': [ '0.25.1' ],
25 silly audit   '@esbuild/openbsd-x64': [ '0.25.1' ],
25 silly audit   '@esbuild/sunos-x64': [ '0.25.1' ],
25 silly audit   '@esbuild/win32-arm64': [ '0.25.1' ],
25 silly audit   '@esbuild/win32-ia32': [ '0.25.1' ],
25 silly audit   '@esbuild/win32-x64': [ '0.25.1' ],
25 silly audit   '@eslint-community/eslint-utils': [ '4.5.1' ],
25 silly audit   'eslint-visitor-keys': [ '3.4.3', '4.2.0' ],
25 silly audit   '@eslint-community/regexpp': [ '4.12.1' ],
25 silly audit   '@eslint/config-array': [ '0.19.2' ],
25 silly audit   '@eslint/config-helpers': [ '0.1.0' ],
25 silly audit   '@eslint/core': [ '0.12.0' ],
25 silly audit   '@eslint/eslintrc': [ '3.3.0' ],
25 silly audit   '@eslint/js': [ '9.22.0' ],
25 silly audit   '@eslint/object-schema': [ '2.1.6' ],
25 silly audit   '@eslint/plugin-kit': [ '0.2.7' ],
25 silly audit   '@humanfs/core': [ '0.19.1' ],
25 silly audit   '@humanfs/node': [ '0.16.6' ],
25 silly audit   '@humanwhocodes/retry': [ '0.3.1', '0.4.2' ],
25 silly audit   '@humanwhocodes/module-importer': [ '1.0.1' ],
25 silly audit   '@jridgewell/gen-mapping': [ '0.3.8' ],
25 silly audit   '@jridgewell/resolve-uri': [ '3.1.2' ],
25 silly audit   '@jridgewell/set-array': [ '1.2.1' ],
25 silly audit   '@jridgewell/sourcemap-codec': [ '1.5.0' ],
25 silly audit   '@jridgewell/trace-mapping': [ '0.3.25' ],
25 silly audit   '@popperjs/core': [ '2.11.8' ],
25 silly audit   '@react-aria/ssr': [ '3.9.7' ],
25 silly audit   '@restart/hooks': [ '0.4.16', '0.5.1' ],
25 silly audit   '@restart/ui': [ '1.9.4' ],
25 silly audit   uncontrollable: [ '8.0.4', '7.2.1' ],
25 silly audit   '@rollup/rollup-android-arm-eabi': [ '4.36.0' ],
25 silly audit   '@rollup/rollup-android-arm64': [ '4.36.0' ],
25 silly audit   '@rollup/rollup-darwin-arm64': [ '4.36.0' ],
25 silly audit   '@rollup/rollup-darwin-x64': [ '4.36.0' ],
25 silly audit   '@rollup/rollup-freebsd-arm64': [ '4.36.0' ],
25 silly audit   '@rollup/rollup-freebsd-x64': [ '4.36.0' ],
25 silly audit   '@rollup/rollup-linux-arm-gnueabihf': [ '4.36.0' ],
25 silly audit   '@rollup/rollup-linux-arm-musleabihf': [ '4.36.0' ],
25 silly audit   '@rollup/rollup-linux-arm64-gnu': [ '4.36.0' ],
25 silly audit   '@rollup/rollup-linux-arm64-musl': [ '4.36.0' ],
25 silly audit   '@rollup/rollup-linux-loongarch64-gnu': [ '4.36.0' ],
25 silly audit   '@rollup/rollup-linux-powerpc64le-gnu': [ '4.36.0' ],
25 silly audit   '@rollup/rollup-linux-riscv64-gnu': [ '4.36.0' ],
25 silly audit   '@rollup/rollup-linux-s390x-gnu': [ '4.36.0' ],
25 silly audit   '@rollup/rollup-linux-x64-gnu': [ '4.36.0' ],
25 silly audit   '@rollup/rollup-linux-x64-musl': [ '4.36.0' ],
25 silly audit   '@rollup/rollup-win32-arm64-msvc': [ '4.36.0' ],
25 silly audit   '@rollup/rollup-win32-ia32-msvc': [ '4.36.0' ],
25 silly audit   '@rollup/rollup-win32-x64-msvc': [ '4.36.0' ],
25 silly audit   '@swc/helpers': [ '0.5.15' ],
25 silly audit   '@types/babel__core': [ '7.20.5' ],
25 silly audit   '@types/babel__generator': [ '7.6.8' ],
25 silly audit   '@types/babel__template': [ '7.4.4' ],
25 silly audit   '@types/babel__traverse': [ '7.20.6' ],
25 silly audit   '@types/cookie': [ '0.6.0' ],
25 silly audit   '@types/estree': [ '1.0.6' ],
25 silly audit   '@types/json-schema': [ '7.0.15' ],
25 silly audit   '@types/prop-types': [ '15.7.14' ],
25 silly audit   '@types/react': [ '19.0.12' ],
25 silly audit   '@types/react-dom': [ '19.0.4' ],
25 silly audit   '@types/react-transition-group': [ '4.4.12' ],
25 silly audit   '@types/warning': [ '3.0.3' ],
25 silly audit   '@vitejs/plugin-react': [ '4.3.4' ],
25 silly audit   acorn: [ '8.14.1' ],
25 silly audit   'acorn-jsx': [ '5.3.2' ],
25 silly audit   ajv: [ '6.12.6' ],
25 silly audit   'ansi-styles': [ '4.3.0' ],
25 silly audit   argparse: [ '2.0.1' ],
25 silly audit   'balanced-match': [ '1.0.2' ],
25 silly audit   bootstrap: [ '5.3.3' ],
25 silly audit   'bootstrap-icons': [ '1.11.3' ],
25 silly audit   'brace-expansion': [ '1.1.11' ],
25 silly audit   browserslist: [ '4.24.4' ],
25 silly audit   callsites: [ '3.1.0' ],
25 silly audit   'caniuse-lite': [ '1.0.30001706' ],
25 silly audit   chalk: [ '4.1.2' ],
25 silly audit   classnames: [ '2.5.1' ],
25 silly audit   'color-convert': [ '2.0.1' ],
25 silly audit   'color-name': [ '1.1.4' ],
25 silly audit   'concat-map': [ '0.0.1' ],
25 silly audit   'convert-source-map': [ '2.0.0' ],
25 silly audit   cookie: [ '1.0.2' ],
25 silly audit   'cross-spawn': [ '7.0.6' ],
25 silly audit   csstype: [ '3.1.3' ],
25 silly audit   debug: [ '4.4.0' ],
25 silly audit   'deep-is': [ '0.1.4' ],
25 silly audit   dequal: [ '2.0.3' ],
25 silly audit   'dom-helpers': [ '5.2.1' ],
25 silly audit   'electron-to-chromium': [ '1.5.123' ],
25 silly audit   'enquire.js': [ '2.1.6' ],
25 silly audit   esbuild: [ '0.25.1' ],
25 silly audit   escalade: [ '3.2.0' ],
25 silly audit   'escape-string-regexp': [ '4.0.0' ],
25 silly audit   eslint: [ '9.22.0' ],
25 silly audit   'eslint-plugin-react-hooks': [ '5.2.0' ],
25 silly audit   'eslint-plugin-react-refresh': [ '0.4.19' ],
25 silly audit   'eslint-scope': [ '8.3.0' ],
25 silly audit   espree: [ '10.3.0' ],
25 silly audit   esquery: [ '1.6.0' ],
25 silly audit   esrecurse: [ '4.3.0' ],
25 silly audit   estraverse: [ '5.3.0' ],
25 silly audit   esutils: [ '2.0.3' ],
25 silly audit   'fast-deep-equal': [ '3.1.3' ],
25 silly audit   'fast-json-stable-stringify': [ '2.1.0' ],
25 silly audit   'fast-levenshtein': [ '2.0.6' ],
25 silly audit   'file-entry-cache': [ '8.0.0' ],
25 silly audit   'find-up': [ '5.0.0' ],
25 silly audit   'flat-cache': [ '4.0.1' ],
25 silly audit   flatted: [ '3.3.3' ],
25 silly audit   fsevents: [ '2.3.3' ],
25 silly audit   gensync: [ '1.0.0-beta.2' ],
25 silly audit   'glob-parent': [ '6.0.2' ],
25 silly audit   'has-flag': [ '4.0.0' ],
25 silly audit   ignore: [ '5.3.2' ],
25 silly audit   immediate: [ '3.0.6' ],
25 silly audit   'import-fresh': [ '3.3.1' ],
25 silly audit   imurmurhash: [ '0.1.4' ],
25 silly audit   invariant: [ '2.2.4' ],
25 silly audit   'is-extglob': [ '2.1.1' ],
25 silly audit   'is-glob': [ '4.0.3' ],
25 silly audit   isexe: [ '2.0.0' ],
25 silly audit   jquery: [ '3.7.1' ],
25 silly audit   'js-tokens': [ '4.0.0' ],
25 silly audit   'js-yaml': [ '4.1.0' ],
25 silly audit   jsesc: [ '3.1.0' ],
25 silly audit   'json-buffer': [ '3.0.1' ],
25 silly audit   'json-schema-traverse': [ '0.4.1' ],
25 silly audit   'json-stable-stringify-without-jsonify': [ '1.0.1' ],
25 silly audit   json2mq: [ '0.2.0' ],
25 silly audit   json5: [ '2.2.3' ],
25 silly audit   keyv: [ '4.5.4' ],
25 silly audit   levn: [ '0.4.1' ],
25 silly audit   lie: [ '3.1.1' ],
25 silly audit   localforage: [ '1.10.0' ],
25 silly audit   'locate-path': [ '6.0.0' ],
25 silly audit   'lodash.debounce': [ '4.0.8' ],
25 silly audit   'lodash.merge': [ '4.6.2' ],
25 silly audit   'loose-envify': [ '1.4.0' ],
25 silly audit   'lru-cache': [ '5.1.1' ],
25 silly audit   'match-sorter': [ '8.0.0' ],
25 silly audit   minimatch: [ '3.1.2' ],
25 silly audit   ms: [ '2.1.3' ],
25 silly audit   nanoid: [ '3.3.11' ],
25 silly audit   'natural-compare': [ '1.4.0' ],
25 silly audit   'node-releases': [ '2.0.19' ],
25 silly audit   'object-assign': [ '4.1.1' ],
25 silly audit   'object-path': [ '0.6.0' ],
25 silly audit   optionator: [ '0.9.4' ],
25 silly audit   'p-limit': [ '3.1.0' ],
25 silly audit   'p-locate': [ '5.0.0' ],
25 silly audit   'parent-module': [ '1.0.1' ],
25 silly audit   'path-exists': [ '4.0.0' ],
25 silly audit   'path-key': [ '3.1.1' ],
25 silly audit   picocolors: [ '1.1.1' ],
25 silly audit   postcss: [ '8.5.3' ],
25 silly audit   'prelude-ls': [ '1.2.1' ],
25 silly audit   'prop-types': [ '15.8.1' ],
25 silly audit   'prop-types-extra': [ '1.1.1' ],
25 silly audit   punycode: [ '2.3.1' ],
25 silly audit   react: [ '19.0.0' ],
25 silly audit   'react-bootstrap': [ '2.10.9' ],
25 silly audit   'react-dom': [ '19.0.0' ],
25 silly audit   'react-is': [ '16.13.1' ],
25 silly audit   'react-lifecycles-compat': [ '3.0.4' ],
25 silly audit   'react-refresh': [ '0.14.2' ],
25 silly audit   'react-router': [ '7.4.0' ],
25 silly audit   'react-router-dom': [ '7.4.0' ],
25 silly audit   'react-slick': [ '0.30.3' ],
25 silly audit   'react-transition-group': [ '4.4.5' ],
25 silly audit   'regenerator-runtime': [ '0.14.1' ],
25 silly audit   'remove-accents': [ '0.5.0' ],
25 silly audit   'resize-observer-polyfill': [ '1.5.1' ],
25 silly audit   'resolve-from': [ '4.0.0' ],
25 silly audit   rollup: [ '4.36.0' ],
25 silly audit   scheduler: [ '0.25.0' ],
25 silly audit   semver: [ '6.3.1' ],
25 silly audit   'set-cookie-parser': [ '2.7.1' ],
25 silly audit   'shebang-command': [ '2.0.0' ],
25 silly audit   'shebang-regex': [ '3.0.0' ],
25 silly audit   'slick-carousel': [ '1.8.1' ],
25 silly audit   'sort-by': [ '1.2.0' ],
25 silly audit   'source-map-js': [ '1.2.1' ],
25 silly audit   'string-convert': [ '0.2.1' ],
25 silly audit   'strip-json-comments': [ '3.1.1' ],
25 silly audit   'supports-color': [ '7.2.0' ],
25 silly audit   tslib: [ '2.8.1' ],
25 silly audit   'turbo-stream': [ '2.4.0' ],
25 silly audit   'type-check': [ '0.4.0' ],
25 silly audit   'update-browserslist-db': [ '1.1.3' ],
25 silly audit   'uri-js': [ '4.4.1' ],
25 silly audit   vite: [ '6.2.2' ],
25 silly audit   warning: [ '4.0.3' ],
25 silly audit   which: [ '2.0.2' ],
25 silly audit   'word-wrap': [ '1.2.5' ],
25 silly audit   yallist: [ '3.1.1' ],
25 silly audit   'yocto-queue': [ '0.1.0' ],
25 silly audit   'react-icons': [ '5.5.0' ]
25 silly audit }
26 verbose reify failed optional dependency C:\project\Peak Boxing Club(project-5)\frontend\peak_box_club\node_modules\fsevents
27 silly reify mark deleted [
27 silly reify   'C:\\project\\Peak Boxing Club(project-5)\\frontend\\peak_box_club\\node_modules\\fsevents'
27 silly reify ]
28 verbose reify failed optional dependency C:\project\Peak Boxing Club(project-5)\frontend\peak_box_club\node_modules\@rollup\rollup-win32-ia32-msvc
29 silly reify mark deleted [
29 silly reify   'C:\\project\\Peak Boxing Club(project-5)\\frontend\\peak_box_club\\node_modules\\@rollup\\rollup-win32-ia32-msvc'
29 silly reify ]
30 verbose reify failed optional dependency C:\project\Peak Boxing Club(project-5)\frontend\peak_box_club\node_modules\@rollup\rollup-win32-arm64-msvc
31 silly reify mark deleted [
31 silly reify   'C:\\project\\Peak Boxing Club(project-5)\\frontend\\peak_box_club\\node_modules\\@rollup\\rollup-win32-arm64-msvc'
31 silly reify ]
32 verbose reify failed optional dependency C:\project\Peak Boxing Club(project-5)\frontend\peak_box_club\node_modules\@rollup\rollup-linux-x64-musl
33 silly reify mark deleted [
33 silly reify   'C:\\project\\Peak Boxing Club(project-5)\\frontend\\peak_box_club\\node_modules\\@rollup\\rollup-linux-x64-musl'
33 silly reify ]
34 verbose reify failed optional dependency C:\project\Peak Boxing Club(project-5)\frontend\peak_box_club\node_modules\@rollup\rollup-linux-x64-gnu
35 silly reify mark deleted [
35 silly reify   'C:\\project\\Peak Boxing Club(project-5)\\frontend\\peak_box_club\\node_modules\\@rollup\\rollup-linux-x64-gnu'
35 silly reify ]
36 verbose reify failed optional dependency C:\project\Peak Boxing Club(project-5)\frontend\peak_box_club\node_modules\@rollup\rollup-linux-s390x-gnu
37 silly reify mark deleted [
37 silly reify   'C:\\project\\Peak Boxing Club(project-5)\\frontend\\peak_box_club\\node_modules\\@rollup\\rollup-linux-s390x-gnu'
37 silly reify ]
38 verbose reify failed optional dependency C:\project\Peak Boxing Club(project-5)\frontend\peak_box_club\node_modules\@rollup\rollup-linux-riscv64-gnu
39 silly reify mark deleted [
39 silly reify   'C:\\project\\Peak Boxing Club(project-5)\\frontend\\peak_box_club\\node_modules\\@rollup\\rollup-linux-riscv64-gnu'
39 silly reify ]
40 verbose reify failed optional dependency C:\project\Peak Boxing Club(project-5)\frontend\peak_box_club\node_modules\@rollup\rollup-linux-powerpc64le-gnu
41 silly reify mark deleted [
41 silly reify   'C:\\project\\Peak Boxing Club(project-5)\\frontend\\peak_box_club\\node_modules\\@rollup\\rollup-linux-powerpc64le-gnu'
41 silly reify ]
42 verbose reify failed optional dependency C:\project\Peak Boxing Club(project-5)\frontend\peak_box_club\node_modules\@rollup\rollup-linux-loongarch64-gnu
43 silly reify mark deleted [
43 silly reify   'C:\\project\\Peak Boxing Club(project-5)\\frontend\\peak_box_club\\node_modules\\@rollup\\rollup-linux-loongarch64-gnu'
43 silly reify ]
44 verbose reify failed optional dependency C:\project\Peak Boxing Club(project-5)\frontend\peak_box_club\node_modules\@rollup\rollup-linux-arm64-musl
45 silly reify mark deleted [
45 silly reify   'C:\\project\\Peak Boxing Club(project-5)\\frontend\\peak_box_club\\node_modules\\@rollup\\rollup-linux-arm64-musl'
45 silly reify ]
46 verbose reify failed optional dependency C:\project\Peak Boxing Club(project-5)\frontend\peak_box_club\node_modules\@rollup\rollup-linux-arm64-gnu
47 silly reify mark deleted [
47 silly reify   'C:\\project\\Peak Boxing Club(project-5)\\frontend\\peak_box_club\\node_modules\\@rollup\\rollup-linux-arm64-gnu'
47 silly reify ]
48 verbose reify failed optional dependency C:\project\Peak Boxing Club(project-5)\frontend\peak_box_club\node_modules\@rollup\rollup-linux-arm-musleabihf
49 silly reify mark deleted [
49 silly reify   'C:\\project\\Peak Boxing Club(project-5)\\frontend\\peak_box_club\\node_modules\\@rollup\\rollup-linux-arm-musleabihf'
49 silly reify ]
50 verbose reify failed optional dependency C:\project\Peak Boxing Club(project-5)\frontend\peak_box_club\node_modules\@rollup\rollup-linux-arm-gnueabihf
51 silly reify mark deleted [
51 silly reify   'C:\\project\\Peak Boxing Club(project-5)\\frontend\\peak_box_club\\node_modules\\@rollup\\rollup-linux-arm-gnueabihf'
51 silly reify ]
52 verbose reify failed optional dependency C:\project\Peak Boxing Club(project-5)\frontend\peak_box_club\node_modules\@rollup\rollup-freebsd-x64
53 silly reify mark deleted [
53 silly reify   'C:\\project\\Peak Boxing Club(project-5)\\frontend\\peak_box_club\\node_modules\\@rollup\\rollup-freebsd-x64'
53 silly reify ]
54 verbose reify failed optional dependency C:\project\Peak Boxing Club(project-5)\frontend\peak_box_club\node_modules\@rollup\rollup-freebsd-arm64
55 silly reify mark deleted [
55 silly reify   'C:\\project\\Peak Boxing Club(project-5)\\frontend\\peak_box_club\\node_modules\\@rollup\\rollup-freebsd-arm64'
55 silly reify ]
56 verbose reify failed optional dependency C:\project\Peak Boxing Club(project-5)\frontend\peak_box_club\node_modules\@rollup\rollup-darwin-x64
57 silly reify mark deleted [
57 silly reify   'C:\\project\\Peak Boxing Club(project-5)\\frontend\\peak_box_club\\node_modules\\@rollup\\rollup-darwin-x64'
57 silly reify ]
58 verbose reify failed optional dependency C:\project\Peak Boxing Club(project-5)\frontend\peak_box_club\node_modules\@rollup\rollup-darwin-arm64
59 silly reify mark deleted [
59 silly reify   'C:\\project\\Peak Boxing Club(project-5)\\frontend\\peak_box_club\\node_modules\\@rollup\\rollup-darwin-arm64'
59 silly reify ]
60 verbose reify failed optional dependency C:\project\Peak Boxing Club(project-5)\frontend\peak_box_club\node_modules\@rollup\rollup-android-arm64
61 silly reify mark deleted [
61 silly reify   'C:\\project\\Peak Boxing Club(project-5)\\frontend\\peak_box_club\\node_modules\\@rollup\\rollup-android-arm64'
61 silly reify ]
62 verbose reify failed optional dependency C:\project\Peak Boxing Club(project-5)\frontend\peak_box_club\node_modules\@rollup\rollup-android-arm-eabi
63 silly reify mark deleted [
63 silly reify   'C:\\project\\Peak Boxing Club(project-5)\\frontend\\peak_box_club\\node_modules\\@rollup\\rollup-android-arm-eabi'
63 silly reify ]
64 verbose reify failed optional dependency C:\project\Peak Boxing Club(project-5)\frontend\peak_box_club\node_modules\@esbuild\win32-ia32
65 silly reify mark deleted [
65 silly reify   'C:\\project\\Peak Boxing Club(project-5)\\frontend\\peak_box_club\\node_modules\\@esbuild\\win32-ia32'
65 silly reify ]
66 verbose reify failed optional dependency C:\project\Peak Boxing Club(project-5)\frontend\peak_box_club\node_modules\@esbuild\win32-arm64
67 silly reify mark deleted [
67 silly reify   'C:\\project\\Peak Boxing Club(project-5)\\frontend\\peak_box_club\\node_modules\\@esbuild\\win32-arm64'
67 silly reify ]
68 verbose reify failed optional dependency C:\project\Peak Boxing Club(project-5)\frontend\peak_box_club\node_modules\@esbuild\sunos-x64
69 silly reify mark deleted [
69 silly reify   'C:\\project\\Peak Boxing Club(project-5)\\frontend\\peak_box_club\\node_modules\\@esbuild\\sunos-x64'
69 silly reify ]
70 verbose reify failed optional dependency C:\project\Peak Boxing Club(project-5)\frontend\peak_box_club\node_modules\@esbuild\openbsd-x64
71 silly reify mark deleted [
71 silly reify   'C:\\project\\Peak Boxing Club(project-5)\\frontend\\peak_box_club\\node_modules\\@esbuild\\openbsd-x64'
71 silly reify ]
72 verbose reify failed optional dependency C:\project\Peak Boxing Club(project-5)\frontend\peak_box_club\node_modules\@esbuild\openbsd-arm64
73 silly reify mark deleted [
73 silly reify   'C:\\project\\Peak Boxing Club(project-5)\\frontend\\peak_box_club\\node_modules\\@esbuild\\openbsd-arm64'
73 silly reify ]
74 verbose reify failed optional dependency C:\project\Peak Boxing Club(project-5)\frontend\peak_box_club\node_modules\@esbuild\netbsd-x64
75 silly reify mark deleted [
75 silly reify   'C:\\project\\Peak Boxing Club(project-5)\\frontend\\peak_box_club\\node_modules\\@esbuild\\netbsd-x64'
75 silly reify ]
76 verbose reify failed optional dependency C:\project\Peak Boxing Club(project-5)\frontend\peak_box_club\node_modules\@esbuild\netbsd-arm64
77 silly reify mark deleted [
77 silly reify   'C:\\project\\Peak Boxing Club(project-5)\\frontend\\peak_box_club\\node_modules\\@esbuild\\netbsd-arm64'
77 silly reify ]
78 verbose reify failed optional dependency C:\project\Peak Boxing Club(project-5)\frontend\peak_box_club\node_modules\@esbuild\linux-x64
79 silly reify mark deleted [
79 silly reify   'C:\\project\\Peak Boxing Club(project-5)\\frontend\\peak_box_club\\node_modules\\@esbuild\\linux-x64'
79 silly reify ]
80 verbose reify failed optional dependency C:\project\Peak Boxing Club(project-5)\frontend\peak_box_club\node_modules\@esbuild\linux-s390x
81 silly reify mark deleted [
81 silly reify   'C:\\project\\Peak Boxing Club(project-5)\\frontend\\peak_box_club\\node_modules\\@esbuild\\linux-s390x'
81 silly reify ]
82 verbose reify failed optional dependency C:\project\Peak Boxing Club(project-5)\frontend\peak_box_club\node_modules\@esbuild\linux-riscv64
83 silly reify mark deleted [
83 silly reify   'C:\\project\\Peak Boxing Club(project-5)\\frontend\\peak_box_club\\node_modules\\@esbuild\\linux-riscv64'
83 silly reify ]
84 verbose reify failed optional dependency C:\project\Peak Boxing Club(project-5)\frontend\peak_box_club\node_modules\@esbuild\linux-ppc64
85 silly reify mark deleted [
85 silly reify   'C:\\project\\Peak Boxing Club(project-5)\\frontend\\peak_box_club\\node_modules\\@esbuild\\linux-ppc64'
85 silly reify ]
86 verbose reify failed optional dependency C:\project\Peak Boxing Club(project-5)\frontend\peak_box_club\node_modules\@esbuild\linux-mips64el
87 silly reify mark deleted [
87 silly reify   'C:\\project\\Peak Boxing Club(project-5)\\frontend\\peak_box_club\\node_modules\\@esbuild\\linux-mips64el'
87 silly reify ]
88 verbose reify failed optional dependency C:\project\Peak Boxing Club(project-5)\frontend\peak_box_club\node_modules\@esbuild\linux-loong64
89 silly reify mark deleted [
89 silly reify   'C:\\project\\Peak Boxing Club(project-5)\\frontend\\peak_box_club\\node_modules\\@esbuild\\linux-loong64'
89 silly reify ]
90 verbose reify failed optional dependency C:\project\Peak Boxing Club(project-5)\frontend\peak_box_club\node_modules\@esbuild\linux-ia32
91 silly reify mark deleted [
91 silly reify   'C:\\project\\Peak Boxing Club(project-5)\\frontend\\peak_box_club\\node_modules\\@esbuild\\linux-ia32'
91 silly reify ]
92 verbose reify failed optional dependency C:\project\Peak Boxing Club(project-5)\frontend\peak_box_club\node_modules\@esbuild\linux-arm64
93 silly reify mark deleted [
93 silly reify   'C:\\project\\Peak Boxing Club(project-5)\\frontend\\peak_box_club\\node_modules\\@esbuild\\linux-arm64'
93 silly reify ]
94 verbose reify failed optional dependency C:\project\Peak Boxing Club(project-5)\frontend\peak_box_club\node_modules\@esbuild\linux-arm
95 silly reify mark deleted [
95 silly reify   'C:\\project\\Peak Boxing Club(project-5)\\frontend\\peak_box_club\\node_modules\\@esbuild\\linux-arm'
95 silly reify ]
96 verbose reify failed optional dependency C:\project\Peak Boxing Club(project-5)\frontend\peak_box_club\node_modules\@esbuild\freebsd-x64
97 silly reify mark deleted [
97 silly reify   'C:\\project\\Peak Boxing Club(project-5)\\frontend\\peak_box_club\\node_modules\\@esbuild\\freebsd-x64'
97 silly reify ]
98 verbose reify failed optional dependency C:\project\Peak Boxing Club(project-5)\frontend\peak_box_club\node_modules\@esbuild\freebsd-arm64
99 silly reify mark deleted [
99 silly reify   'C:\\project\\Peak Boxing Club(project-5)\\frontend\\peak_box_club\\node_modules\\@esbuild\\freebsd-arm64'
99 silly reify ]
100 verbose reify failed optional dependency C:\project\Peak Boxing Club(project-5)\frontend\peak_box_club\node_modules\@esbuild\darwin-x64
101 silly reify mark deleted [
101 silly reify   'C:\\project\\Peak Boxing Club(project-5)\\frontend\\peak_box_club\\node_modules\\@esbuild\\darwin-x64'
101 silly reify ]
102 verbose reify failed optional dependency C:\project\Peak Boxing Club(project-5)\frontend\peak_box_club\node_modules\@esbuild\darwin-arm64
103 silly reify mark deleted [
103 silly reify   'C:\\project\\Peak Boxing Club(project-5)\\frontend\\peak_box_club\\node_modules\\@esbuild\\darwin-arm64'
103 silly reify ]
104 verbose reify failed optional dependency C:\project\Peak Boxing Club(project-5)\frontend\peak_box_club\node_modules\@esbuild\android-x64
105 silly reify mark deleted [
105 silly reify   'C:\\project\\Peak Boxing Club(project-5)\\frontend\\peak_box_club\\node_modules\\@esbuild\\android-x64'
105 silly reify ]
106 verbose reify failed optional dependency C:\project\Peak Boxing Club(project-5)\frontend\peak_box_club\node_modules\@esbuild\android-arm64
107 silly reify mark deleted [
107 silly reify   'C:\\project\\Peak Boxing Club(project-5)\\frontend\\peak_box_club\\node_modules\\@esbuild\\android-arm64'
107 silly reify ]
108 verbose reify failed optional dependency C:\project\Peak Boxing Club(project-5)\frontend\peak_box_club\node_modules\@esbuild\android-arm
109 silly reify mark deleted [
109 silly reify   'C:\\project\\Peak Boxing Club(project-5)\\frontend\\peak_box_club\\node_modules\\@esbuild\\android-arm'
109 silly reify ]
110 verbose reify failed optional dependency C:\project\Peak Boxing Club(project-5)\frontend\peak_box_club\node_modules\@esbuild\aix-ppc64
111 silly reify mark deleted [
111 silly reify   'C:\\project\\Peak Boxing Club(project-5)\\frontend\\peak_box_club\\node_modules\\@esbuild\\aix-ppc64'
111 silly reify ]
112 http cache react-icons@https://registry.npmjs.org/react-icons/-/react-icons-5.5.0.tgz 0ms (cache hit)
113 silly tarball no local data for react-icons@https://registry.npmjs.org/react-icons/-/react-icons-5.5.0.tgz. Extracting by manifest.
114 http fetch POST 200 https://registry.npmjs.org/-/npm/v1/security/advisories/bulk 368ms
115 silly audit report {
115 silly audit report   '@eslint/plugin-kit': [
115 silly audit report     {
115 silly audit report       id: 1106734,
115 silly audit report       url: 'https://github.com/advisories/GHSA-xffm-g5w8-qvg7',
115 silly audit report       title: '@eslint/plugin-kit is vulnerable to Regular Expression Denial of Service attacks through ConfigCommentParser',
115 silly audit report       severity: 'low',
115 silly audit report       vulnerable_versions: '<0.3.4',
115 silly audit report       cwe: [Array],
115 silly audit report       cvss: [Object]
115 silly audit report     }
115 silly audit report   ],
115 silly audit report   'brace-expansion': [
115 silly audit report     {
115 silly audit report       id: 1105443,
115 silly audit report       url: 'https://github.com/advisories/GHSA-v6h2-p8h4-qcjw',
115 silly audit report       title: 'brace-expansion Regular Expression Denial of Service vulnerability',
115 silly audit report       severity: 'low',
115 silly audit report       vulnerable_versions: '>=1.0.0 <=1.1.11',
115 silly audit report       cwe: [Array],
115 silly audit report       cvss: [Object]
115 silly audit report     }
115 silly audit report   ],
115 silly audit report   'object-path': [
115 silly audit report     {
115 silly audit report       id: 1093573,
115 silly audit report       url: 'https://github.com/advisories/GHSA-v39p-96qg-c8rf',
115 silly audit report       title: 'Prototype Pollution in object-path',
115 silly audit report       severity: 'moderate',
115 silly audit report       vulnerable_versions: '<0.11.6',
115 silly audit report       cwe: [Array],
115 silly audit report       cvss: [Object]
115 silly audit report     },
115 silly audit report     {
115 silly audit report       id: 1095139,
115 silly audit report       url: 'https://github.com/advisories/GHSA-cwx2-736x-mf6w',
115 silly audit report       title: 'Prototype pollution in object-path',
115 silly audit report       severity: 'high',
115 silly audit report       vulnerable_versions: '<0.11.5',
115 silly audit report       cwe: [Array],
115 silly audit report       cvss: [Object]
115 silly audit report     },
115 silly audit report     {
115 silly audit report       id: 1095140,
115 silly audit report       url: 'https://github.com/advisories/GHSA-8v63-cqqc-6r2c',
115 silly audit report       title: 'Prototype Pollution in object-path',
115 silly audit report       severity: 'high',
115 silly audit report       vulnerable_versions: '<0.11.8',
115 silly audit report       cwe: [Array],
115 silly audit report       cvss: [Object]
115 silly audit report     }
115 silly audit report   ],
115 silly audit report   'react-router': [
115 silly audit report     {
115 silly audit report       id: 1104042,
115 silly audit report       url: 'https://github.com/advisories/GHSA-cpj6-fhp6-mr6j',
115 silly audit report       title: 'React Router allows pre-render data spoofing on React-Router framework mode',
115 silly audit report       severity: 'high',
115 silly audit report       vulnerable_versions: '>=7.0 <=7.5.1',
115 silly audit report       cwe: [Array],
115 silly audit report       cvss: [Object]
115 silly audit report     },
115 silly audit report     {
115 silly audit report       id: 1104043,
115 silly audit report       url: 'https://github.com/advisories/GHSA-f46r-rw29-r322',
115 silly audit report       title: 'React Router allows a DoS via cache poisoning by forcing SPA mode',
115 silly audit report       severity: 'high',
115 silly audit report       vulnerable_versions: '>=7.2.0 <=7.5.1',
115 silly audit report       cwe: [Array],
115 silly audit report       cvss: [Object]
115 silly audit report     }
115 silly audit report   ],
115 silly audit report   vite: [
115 silly audit report     {
115 silly audit report       id: 1103520,
115 silly audit report       url: 'https://github.com/advisories/GHSA-x574-m823-4x7w',
115 silly audit report       title: 'Vite bypasses server.fs.deny when using ?raw??',
115 silly audit report       severity: 'moderate',
115 silly audit report       vulnerable_versions: '>=6.2.0 <6.2.3',
115 silly audit report       cwe: [Array],
115 silly audit report       cvss: [Object]
115 silly audit report     },
115 silly audit report     {
115 silly audit report       id: 1103631,
115 silly audit report       url: 'https://github.com/advisories/GHSA-4r4m-qw57-chr8',
115 silly audit report       title: 'Vite has a `server.fs.deny` bypassed for `inline` and `raw` with `?import` query',
115 silly audit report       severity: 'moderate',
115 silly audit report       vulnerable_versions: '>=6.2.0 <6.2.4',
115 silly audit report       cwe: [Array],
115 silly audit report       cvss: [Object]
115 silly audit report     },
115 silly audit report     {
115 silly audit report       id: 1103887,
115 silly audit report       url: 'https://github.com/advisories/GHSA-356w-63v5-8wf4',
115 silly audit report       title: 'Vite has an `server.fs.deny` bypass with an invalid `request-target`',
115 silly audit report       severity: 'moderate',
115 silly audit report       vulnerable_versions: '>=6.2.0 <6.2.6',
115 silly audit report       cwe: [Array],
115 silly audit report       cvss: [Object]
115 silly audit report     },
115 silly audit report     {
115 silly audit report       id: 1104175,
115 silly audit report       url: 'https://github.com/advisories/GHSA-859w-5945-r5v3',
115 silly audit report       title: "Vite's server.fs.deny bypassed with /. for files under project root",
115 silly audit report       severity: 'moderate',
115 silly audit report       vulnerable_versions: '>=6.2.0 <=6.2.6',
115 silly audit report       cwe: [Array],
115 silly audit report       cvss: [Object]
115 silly audit report     },
115 silly audit report     {
115 silly audit report       id: 1104205,
115 silly audit report       url: 'https://github.com/advisories/GHSA-xcj6-pq6g-qj4x',
115 silly audit report       title: 'Vite allows server.fs.deny to be bypassed with .svg or relative paths',
115 silly audit report       severity: 'moderate',
115 silly audit report       vulnerable_versions: '>=6.2.0 <6.2.5',
115 silly audit report       cwe: [Array],
115 silly audit report       cvss: [Object]
115 silly audit report     }
115 silly audit report   ]
115 silly audit report }
116 silly packumentCache corgi:https://registry.npmjs.org/@eslint%2fplugin-kit cache-miss
117 silly packumentCache corgi:https://registry.npmjs.org/brace-expansion cache-miss
118 silly packumentCache corgi:https://registry.npmjs.org/object-path cache-miss
119 silly packumentCache corgi:https://registry.npmjs.org/react-router cache-miss
120 silly packumentCache corgi:https://registry.npmjs.org/vite cache-miss
121 http fetch GET 200 https://registry.npmjs.org/brace-expansion 260ms (cache revalidated)
122 silly packumentCache corgi:https://registry.npmjs.org/brace-expansion set size:16192 disposed:false
123 http fetch GET 200 https://registry.npmjs.org/react-router 268ms (cache revalidated)
124 silly packumentCache corgi:https://registry.npmjs.org/react-router set size:1078671 disposed:false
125 http fetch GET 200 https://registry.npmjs.org/object-path 281ms (cache revalidated)
126 silly packumentCache corgi:https://registry.npmjs.org/object-path set size:21142 disposed:false
127 http fetch GET 200 https://registry.npmjs.org/vite 288ms (cache revalidated)
128 silly packumentCache corgi:https://registry.npmjs.org/vite set size:2056036 disposed:false
129 http fetch GET 200 https://registry.npmjs.org/@eslint%2fplugin-kit 1111ms (cache revalidated)
130 silly packumentCache corgi:https://registry.npmjs.org/@eslint%2fplugin-kit set size:13841 disposed:false
131 silly packumentCache corgi:https://registry.npmjs.org/eslint cache-miss
132 http fetch GET 200 https://registry.npmjs.org/eslint 232ms (cache revalidated)
133 silly packumentCache corgi:https://registry.npmjs.org/eslint set size:1082876 disposed:false
134 silly packumentCache corgi:https://registry.npmjs.org/minimatch cache-miss
135 http fetch GET 200 https://registry.npmjs.org/minimatch 253ms (cache revalidated)
136 silly packumentCache corgi:https://registry.npmjs.org/minimatch set size:143741 disposed:false
137 silly packumentCache corgi:https://registry.npmjs.org/sort-by cache-miss
138 http fetch GET 200 https://registry.npmjs.org/sort-by 241ms (cache revalidated)
139 silly packumentCache corgi:https://registry.npmjs.org/sort-by set size:2449 disposed:false
140 silly packumentCache corgi:https://registry.npmjs.org/react-router-dom cache-miss
141 http fetch GET 200 https://registry.npmjs.org/react-router-dom 234ms (cache revalidated)
142 silly packumentCache corgi:https://registry.npmjs.org/react-router-dom set size:866451 disposed:false
143 silly packumentCache corgi:https://registry.npmjs.org/@vitejs%2fplugin-react cache-miss
144 http fetch GET 200 https://registry.npmjs.org/@vitejs%2fplugin-react 668ms (cache revalidated)
145 silly packumentCache corgi:https://registry.npmjs.org/@vitejs%2fplugin-react set size:98646 disposed:false
146 silly packumentCache corgi:https://registry.npmjs.org/@eslint-community%2feslint-utils cache-miss
147 silly packumentCache corgi:https://registry.npmjs.org/eslint-plugin-react-hooks cache-miss
148 silly packumentCache corgi:https://registry.npmjs.org/eslint-plugin-react-refresh cache-miss
149 http fetch GET 200 https://registry.npmjs.org/eslint-plugin-react-hooks 241ms (cache revalidated)
150 silly packumentCache corgi:https://registry.npmjs.org/eslint-plugin-react-hooks set size:3627589 disposed:false
151 http fetch GET 200 https://registry.npmjs.org/eslint-plugin-react-refresh 266ms (cache revalidated)
152 silly packumentCache corgi:https://registry.npmjs.org/eslint-plugin-react-refresh set size:29116 disposed:false
153 http fetch GET 200 https://registry.npmjs.org/@eslint-community%2feslint-utils 658ms (cache revalidated)
154 silly packumentCache corgi:https://registry.npmjs.org/@eslint-community%2feslint-utils set size:36840 disposed:false
155 http fetch GET 200 https://registry.npmjs.org/react-icons/-/react-icons-5.5.0.tgz 3813ms (cache miss)
156 silly ADD node_modules/react-icons
157 silly ADD
158 silly ADD
159 silly ADD
160 silly ADD
161 silly ADD
162 silly ADD
163 silly ADD
164 silly ADD
165 silly ADD
166 silly ADD
167 silly ADD
168 silly ADD
169 silly ADD
170 silly ADD
171 silly ADD
172 silly ADD
173 silly ADD
174 silly ADD
175 silly ADD
176 silly ADD
177 silly ADD
178 silly ADD
179 silly ADD
180 silly ADD
181 silly ADD
182 silly ADD
183 silly ADD
184 silly ADD
185 silly ADD
186 silly ADD
187 silly ADD
188 silly ADD
189 silly ADD
190 silly ADD
191 silly ADD
192 silly ADD
193 silly ADD
194 silly ADD
195 silly ADD
196 silly ADD
197 silly ADD
198 silly ADD
199 silly ADD
200 verbose cwd C:\project\Peak Boxing Club(project-5)\frontend\peak_box_club
201 verbose os Windows_NT 10.0.26100
202 verbose node v22.15.1
203 verbose npm  v10.9.2
204 verbose exit 0
205 info ok
